
ROM used:   624/8192 (8%)
            624/8192 (8%) including unused fragments

            0.2 Average locations per line
            2.0 Average locations per statement

RAM used:   6/368 (2%) at main() level
            26/368 (7%) worst case

Stack used: 3 worst case (3 in main + 0 for interrupts)
Stack size: 8

Lines Stmts  %   Files
----- ----- ---  -----
   21    10   3  main.c
   14     0   0  main.h
  768     0   0  C:\Program Files (x86)\PICC\Devices\16F887.h
 2229   257  83  C:\Program Files (x86)\PICC\Drivers\math.h
   81    44  14  I2C_LCD.c
----- -----
 3113   311 Total

Page ROM  %  RAM   Vol Diff  Functions:
---- --- --- ---   --- ----  ----------
0     20   3    1             @delay_ms1
0     15   2    1             @delay_us1
0     92  15    1             @I2C_WRITE_1
0    101  16    6   414  3.3  LCD_I2C_COMMAND
0    103  17    6   455  3.8  LCD_I2C_DATA
0     99  16    1   228  1.4  SETUP_I2C_LCD
0      8   1    0             @const783
0     16   3    3   169  3.7  LCD_GOTO_XY
0     59   9    0   181  2.1  MAIN
0      7   1    0             @const789
0     86  14    4             @PSTRINGC7_773
0      7   1    0             @const791
0      7   1    0             @const792
 Inline         0             @cinit1

Program metrics:
    Functions               5
    Statements              311
    Comments                395
    Volume (V)              2095
    Difficulty (D)          13.3
    Effort to implement (E) 27906
    Time to implement (T)   26 minutes
    Est Delivered Bugs (B)  0
    Cyclomatic Complexity   1
    Maintainability (MI)    119

 Segment     Used  Free
-----------  ----  ----
00000-00003     4  0  
00004-007FF   620  1424  
00800-00FFF     0  2048  
01000-017FF     0  2048  
01800-01FFF     0  2048  



